<?xml version="1.0" encoding="UTF-8"?>
<!-- Generated by org.testng.reporters.JUnitReportReporter -->
<testsuite hostname="MAN0CX12B53041D" failures="0" tests="1" name="takeAlotTests.TestsTakeAlot" time="3.746" errors="0" timestamp="2022-04-07T18:20:03 SAST" skipped="0">
  <testcase classname="takeAlotTests.TestsTakeAlot" name="GIVEN_shopperIsOnLandingPage_WHEN_shopperEntersDKNUasSearchString_AND_shopperClicksTheSearchButton_THEN_DKNYBeDelicious" time="3.746"/>
  <system-out/>
</testsuite> <!-- takeAlotTests.TestsTakeAlot -->
